#
# There is insufficient memory for the Java Runtime Environment to continue.
# Native memory allocation (mmap) failed to map 257949696 bytes for G1 virtual space
# Possible reasons:
#   The system is out of physical RAM or swap space
#   The process is running with CompressedOops enabled, and the Java Heap may be blocking the growth of the native heap
# Possible solutions:
#   Reduce memory load on the system
#   Increase physical memory or swap space
#   Check if swap backing store is full
#   Decrease Java heap size (-Xmx/-Xms)
#   Decrease number of Java threads
#   Decrease Java thread stack sizes (-Xss)
#   Set larger code cache with -XX:ReservedCodeCacheSize=
#   JVM is running with Zero Based Compressed Oops mode in which the Java heap is
#     placed in the first 32GB address space. The Java Heap base address is the
#     maximum limit for the native heap growth. Please use -XX:HeapBaseMinAddress
#     to set the Java Heap base and to place the Java Heap above 32GB virtual address.
# This output file may be truncated or incomplete.
#
#  Out of Memory Error (os_windows.cpp:3469), pid=19924, tid=12052
#
# JRE version:  (17.0.1+12) (build )
# Java VM: Java HotSpot(TM) 64-Bit Server VM (17.0.1+12-LTS-39, mixed mode, sharing, tiered, compressed oops, compressed class ptrs, g1 gc, windows-amd64)
# No core dump will be written. Minidumps are not enabled by default on client versions of Windows
#

---------------  S U M M A R Y ------------

Command Line: -ea -Dfile.encoding=UTF-8 -Dstdout.encoding=UTF-8 -Dstderr.encoding=UTF-8 -XX:+ShowCodeDetailsInExceptionMessages org.testng.remote.RemoteTestNG -serport 54791 -protocol json -d C:\Users\KIIT\Selenium_TestNG_Mvn\test-output C:\Users\KIIT\AppData\Local\Temp\testng-eclipse--1610339340\testng-customsuite.xml

Host: AMD Ryzen 7 5700U with Radeon Graphics         , 16 cores, 15G,  Windows 10 , 64 bit Build 26100 (10.0.26100.7705)
Time: Tue Mar  3 17:25:37 2026 India Standard Time elapsed time: 1.046583 seconds (0d 0h 0m 1s)

---------------  T H R E A D  ---------------

Current thread (0x00000195cb961f00):  JavaThread "Unknown thread" [_thread_in_vm, id=12052, stack(0x00000055c5e00000,0x00000055c5f00000)]

Stack: [0x00000055c5e00000,0x00000055c5f00000]
Native frames: (J=compiled Java code, j=interpreted, Vv=VM code, C=native code)
V  [jvm.dll+0x66fa1a]
V  [jvm.dll+0x7ce5a4]
V  [jvm.dll+0x7cfd4e]
V  [jvm.dll+0x7d03b3]
V  [jvm.dll+0x242b05]
V  [jvm.dll+0x66ca39]
V  [jvm.dll+0x661502]
V  [jvm.dll+0x30081b]
V  [jvm.dll+0x307da6]
V  [jvm.dll+0x357a1e]
V  [jvm.dll+0x357c4f]
V  [jvm.dll+0x2d7ad8]
V  [jvm.dll+0x2d8a44]
V  [jvm.dll+0x7a01e1]
V  [jvm.dll+0x365791]
V  [jvm.dll+0x77f6cc]
V  [jvm.dll+0x3e812f]
V  [jvm.dll+0x3e9bd1]
C  [jli.dll+0x527b]
C  [ucrtbase.dll+0x37b0]
C  [KERNEL32.DLL+0x2e8d7]
C  [ntdll.dll+0x8c40c]


---------------  P R O C E S S  ---------------

Threads class SMR info:
_java_thread_list=0x00007ffab62b7818, length=0, elements={
}

Java Threads: ( => current thread )

Other Threads:
  0x00000195cb9b10a0 GCTaskThread "GC Thread#0" [stack: 0x00000055c5f00000,0x00000055c6000000] [id=18508]
  0x00000195cb9c3530 ConcurrentGCThread "G1 Main Marker" [stack: 0x00000055c6000000,0x00000055c6100000] [id=16484]
  0x00000195cb9c5060 ConcurrentGCThread "G1 Conc#0" [stack: 0x00000055c6100000,0x00000055c6200000] [id=23068]

[error occurred during error reporting (printing all threads), id 0xc0000005, EXCEPTION_ACCESS_VIOLATION (0xc0000005) at pc=0x00007ffab5b084b7]

VM state: not at safepoint (not fully initialized)

VM Mutex/Monitor currently owned by a thread:  ([mutex/lock_event])
[0x00000195cb95fce0] Heap_lock - owner thread: 0x00000195cb961f00

Heap address: 0x000000070a200000, size: 3934 MB, Compressed Oops mode: Zero based, Oop shift amount: 3

CDS archive(s) mapped at: [0x0000000000000000-0x0000000000000000-0x0000000000000000), size 0, SharedBaseAddress: 0x0000000800000000, ArchiveRelocationMode: 0.
Narrow klass base: 0x0000000000000000, Narrow klass shift: 0, Narrow klass range: 0x0

GC Precious Log:
<Empty>

Heap:
 garbage-first heap   total 0K, used 0K [0x000000070a200000, 0x0000000800000000)
  region size 2048K, 0 young (0K), 0 survivors (0K)

[error occurred during error reporting (printing heap information), id 0xc0000005, EXCEPTION_ACCESS_VIOLATION (0xc0000005) at pc=0x00007ffab5ee8d89]

GC Heap History (0 events):
No events

Deoptimization events (0 events):
No events

Classes unloaded (0 events):
No events

Classes redefined (0 events):
No events

Internal exceptions (0 events):
No events

VM Operations (0 events):
No events

Events (1 events):
Event: 0.016 Loaded shared library C:\Program Files\Java\jdk-17.0.1\bin\java.dll


Dynamic libraries:
0x00007ff6aa7a0000 - 0x00007ff6aa7b0000 	C:\Program Files\Java\jdk-17.0.1\bin\javaw.exe
0x00007ffb80580000 - 0x00007ffb807e8000 	C:\WINDOWS\SYSTEM32\ntdll.dll
0x00007ffb7ed20000 - 0x00007ffb7ede9000 	C:\WINDOWS\System32\KERNEL32.DLL
0x00007ffb7ce60000 - 0x00007ffb7d251000 	C:\WINDOWS\System32\KERNELBASE.dll
0x00007ffb7dfa0000 - 0x00007ffb7e0eb000 	C:\WINDOWS\System32\ucrtbase.dll
0x00007ffb6d420000 - 0x00007ffb6d43a000 	C:\Program Files\Java\jdk-17.0.1\bin\VCRUNTIME140.dll
0x00007ffb6d400000 - 0x00007ffb6d418000 	C:\Program Files\Java\jdk-17.0.1\bin\jli.dll
0x00007ffb7fe60000 - 0x00007ffb7ff14000 	C:\WINDOWS\System32\ADVAPI32.dll
0x00007ffb7e320000 - 0x00007ffb7e3c9000 	C:\WINDOWS\System32\msvcrt.dll
0x00007ffb7ef60000 - 0x00007ffb7f006000 	C:\WINDOWS\System32\sechost.dll
0x00007ffb7f010000 - 0x00007ffb7f128000 	C:\WINDOWS\System32\RPCRT4.dll
0x00007ffb7fc80000 - 0x00007ffb7fe46000 	C:\WINDOWS\System32\USER32.dll
0x00007ffb6ea30000 - 0x00007ffb6ecc3000 	C:\WINDOWS\WinSxS\amd64_microsoft.windows.common-controls_6595b64144ccf1df_6.0.26100.7824_none_3e0870b2e3345462\COMCTL32.dll
0x00007ffb7d260000 - 0x00007ffb7d287000 	C:\WINDOWS\System32\win32u.dll
0x00007ffb7e6e0000 - 0x00007ffb7e70b000 	C:\WINDOWS\System32\GDI32.dll
0x00007ffb7d570000 - 0x00007ffb7d69b000 	C:\WINDOWS\System32\gdi32full.dll
0x00007ffb7d290000 - 0x00007ffb7d333000 	C:\WINDOWS\System32\msvcp_win.dll
0x00007ffb72df0000 - 0x00007ffb72dfb000 	C:\WINDOWS\SYSTEM32\VERSION.dll
0x00007ffb80500000 - 0x00007ffb80531000 	C:\WINDOWS\System32\IMM32.DLL
0x00007ffb6d5e0000 - 0x00007ffb6d5ec000 	C:\Program Files\Java\jdk-17.0.1\bin\vcruntime140_1.dll
0x00007ffb3d9a0000 - 0x00007ffb3da2d000 	C:\Program Files\Java\jdk-17.0.1\bin\msvcp140.dll
0x00007ffab5820000 - 0x00007ffab63de000 	C:\Program Files\Java\jdk-17.0.1\bin\server\jvm.dll
0x00007ffb804f0000 - 0x00007ffb804f8000 	C:\WINDOWS\System32\PSAPI.DLL
0x00007ffb79bd0000 - 0x00007ffb79c05000 	C:\WINDOWS\SYSTEM32\WINMM.dll
0x00007ffb628b0000 - 0x00007ffb628ba000 	C:\WINDOWS\SYSTEM32\WSOCK32.dll
0x00007ffb7e450000 - 0x00007ffb7e4c4000 	C:\WINDOWS\System32\WS2_32.dll
0x00007ffb7bc00000 - 0x00007ffb7bc1b000 	C:\WINDOWS\SYSTEM32\kernel.appcore.dll
0x00007ffb6d580000 - 0x00007ffb6d58a000 	C:\Program Files\Java\jdk-17.0.1\bin\jimage.dll
0x00007ffb7ad40000 - 0x00007ffb7af82000 	C:\WINDOWS\SYSTEM32\DBGHELP.DLL
0x00007ffb7f8c0000 - 0x00007ffb7fc46000 	C:\WINDOWS\System32\combase.dll
0x00007ffb7ee80000 - 0x00007ffb7ef57000 	C:\WINDOWS\System32\OLEAUT32.dll
0x00007ffb7a180000 - 0x00007ffb7a1bb000 	C:\WINDOWS\SYSTEM32\dbgcore.DLL
0x00007ffb7e0f0000 - 0x00007ffb7e195000 	C:\WINDOWS\System32\bcryptPrimitives.dll
0x00007ffb6cfd0000 - 0x00007ffb6cff5000 	C:\Program Files\Java\jdk-17.0.1\bin\java.dll

dbghelp: loaded successfully - version: 4.0.5 - missing functions: none
symbol engine: initialized successfully - sym options: 0x614 - pdb path: .;C:\Program Files\Java\jdk-17.0.1\bin;C:\WINDOWS\SYSTEM32;C:\WINDOWS\WinSxS\amd64_microsoft.windows.common-controls_6595b64144ccf1df_6.0.26100.7824_none_3e0870b2e3345462;C:\Program Files\Java\jdk-17.0.1\bin\server

VM Arguments:
jvm_args: -ea -Dfile.encoding=UTF-8 -Dstdout.encoding=UTF-8 -Dstderr.encoding=UTF-8 -XX:+ShowCodeDetailsInExceptionMessages 
java_command: org.testng.remote.RemoteTestNG -serport 54791 -protocol json -d C:\Users\KIIT\Selenium_TestNG_Mvn\test-output C:\Users\KIIT\AppData\Local\Temp\testng-eclipse--1610339340\testng-customsuite.xml
java_class_path (initial): C:\Users\KIIT\eclipse\java-2025-124\eclipse\configuration\org.eclipse.osgi\819\0\.cp\lib\testng-remote.jar;C:\Users\KIIT\Selenium_TestNG_Mvn\target\test-classes;C:\Users\KIIT\Selenium_TestNG_Mvn\target\classes;C:\Users\KIIT\.m2\repository\org\seleniumhq\selenium\selenium-java\4.40.0\selenium-java-4.40.0.jar;C:\Users\KIIT\.m2\repository\org\seleniumhq\selenium\selenium-api\4.40.0\selenium-api-4.40.0.jar;C:\Users\KIIT\.m2\repository\org\jspecify\jspecify\1.0.0\jspecify-1.0.0.jar;C:\Users\KIIT\.m2\repository\org\seleniumhq\selenium\selenium-chrome-driver\4.40.0\selenium-chrome-driver-4.40.0.jar;C:\Users\KIIT\.m2\repository\com\google\auto\service\auto-service-annotations\1.1.1\auto-service-annotations-1.1.1.jar;C:\Users\KIIT\.m2\repository\org\seleniumhq\selenium\selenium-chromium-driver\4.40.0\selenium-chromium-driver-4.40.0.jar;C:\Users\KIIT\.m2\repository\org\seleniumhq\selenium\selenium-json\4.40.0\selenium-json-4.40.0.jar;C:\Users\KIIT\.m2\repository\org\seleniumhq\selenium\selenium-manager\4.40.0\selenium-manager-4.40.0.jar;C:\Users\KIIT\.m2\repository\org\seleniumhq\selenium\selenium-devtools-v142\4.40.0\selenium-devtools-v142-4.40.0.jar;C:\Users\KIIT\.m2\repository\org\seleniumhq\selenium\selenium-devtools-v143\4.40.0\selenium-devtools-v143-4.40.0.jar;C:\Users\KIIT\.m2\repository\org\seleniumhq\selenium\selenium-devtools-v144\4.40.0\selenium-devtools-v144-4.40.0.jar;C:\Users\KIIT\.m2\repository\org\seleniumhq\selenium\selenium-edge-driver\4.40.0\selenium-edge-driver-4.40.0.jar;C:\Users\KIIT\.m2\repository\org\seleniumhq\selenium\selenium-firefox-driver\4.40.0\selenium-firefox-driver-4.40.0.jar;C:\Users\KIIT\.m2\repository\org\seleniumhq\selenium\selenium-http\4.40.0\selenium-http-4.40.0.jar;C:\Users\KIIT\.m2\repository\org\seleniumhq\selenium\selenium-ie-driver\4.40.0\selenium-ie-driver-4.40.0.jar;C:\Users\KIIT\.m2\repository\org\seleniumhq\selenium\selenium-remote-driver\4.40.0\selenium-remote-driver-4.40.0.jar;C:\Users\KIIT\.m2\re
Launcher Type: SUN_STANDARD

[Global flags]
     intx CICompilerCount                          = 12                                        {product} {ergonomic}
     uint ConcGCThreads                            = 3                                         {product} {ergonomic}
     uint G1ConcRefinementThreads                  = 13                                        {product} {ergonomic}
   size_t G1HeapRegionSize                         = 2097152                                   {product} {ergonomic}
    uintx GCDrainStackTargetSize                   = 64                                        {product} {ergonomic}
   size_t InitialHeapSize                          = 257949696                                 {product} {ergonomic}
   size_t MarkStackSize                            = 4194304                                   {product} {ergonomic}
   size_t MaxHeapSize                              = 4125097984                                {product} {ergonomic}
   size_t MinHeapDeltaBytes                        = 2097152                                   {product} {ergonomic}
   size_t MinHeapSize                              = 8388608                                   {product} {ergonomic}
    uintx NonNMethodCodeHeapSize                   = 7602480                                {pd product} {ergonomic}
    uintx NonProfiledCodeHeapSize                  = 122027880                              {pd product} {ergonomic}
    uintx ProfiledCodeHeapSize                     = 122027880                              {pd product} {ergonomic}
    uintx ReservedCodeCacheSize                    = 251658240                              {pd product} {ergonomic}
     bool SegmentedCodeCache                       = true                                      {product} {ergonomic}
     bool ShowCodeDetailsInExceptionMessages       = true                                   {manageable} {command line}
   size_t SoftMaxHeapSize                          = 4125097984                             {manageable} {ergonomic}
     bool UseCompressedClassPointers               = true                           {product lp64_product} {ergonomic}
     bool UseCompressedOops                        = true                           {product lp64_product} {ergonomic}
     bool UseG1GC                                  = true                                      {product} {ergonomic}
     bool UseLargePagesIndividualAllocation        = false                                  {pd product} {ergonomic}

Logging:
Log output configuration:
 #0: stdout all=warning uptime,level,tags
 #1: stderr all=off uptime,level,tags

Environment Variables:
PATH=C:/Users/KIIT/.p2/pool/plugins/org.eclipse.justj.openjdk.hotspot.jre.full.win32.x86_64_21.0.9.v20251105-0741/jre/bin/server;C:/Users/KIIT/.p2/pool/plugins/org.eclipse.justj.openjdk.hotspot.jre.full.win32.x86_64_21.0.9.v20251105-0741/jre/bin;C:\Program Files\Python312\Scripts\;C:\Program Files\Python312\;C:\Program Files (x86)\VMware\VMware Player\bin\;C:\oraclexe\app\oracle\product\11.2.0\server\bin;C:\Program Files\Common Files\Oracle\Java\javapath;C:\WINDOWS\system32;C:\WINDOWS;C:\WINDOWS\System32\Wbem;C:\WINDOWS\System32\WindowsPowerShell\v1.0\;C:\WINDOWS\System32\OpenSSH\;C:\Program Files\dotnet\;C:\Program Files\Java\jdk-19\bin;C:\Program Files\Cloudflare\Cloudflare WARP\;C:\Program Files (x86)\Microsoft SQL Server\160\DTS\Binn\;C:\Program Files\Azure Data Studio\bin;C:\ProgramData\chocolatey\bin;C:\Program Files\nodejs\;C:\Program Files\Git\cmd;C:\allure\bin;C:\Users\KIIT\AppData\Local\Microsoft\WindowsApps;C:\Users\KIIT\AppData\Local\Programs\Microsoft VS Code\bin;C:\Program Files (x86)\mingw-w64\i686-8.1.0-posix-dwarf-rt_v6-rev0\mingw32\bin;C:\Users\KIIT\AppData\Local\Microsoft\WindowsApps;C:\Program Files\JetBrains\IntelliJ IDEA Community Edition 2022.3.2\bin;;C:\Users\KIIT\AppData\Local\GitHubDesktop\bin;C:\Program Files\Azure Data Studio\bin;C:\Program Files\JetBrains\PyCharm Community Edition 2024.3\bin;;C:\Program Files\Python312;C:\Program Files\Python312\Scripts;C:\Program Files\JetBrains\WebStorm 2024.3.1\bin;;C:\Users\KIIT\AppData\Roaming\npm;;C:\WINDOWS\system32;
USERNAME=KIIT
OS=Windows_NT
PROCESSOR_IDENTIFIER=AMD64 Family 23 Model 104 Stepping 1, AuthenticAMD



---------------  S Y S T E M  ---------------

OS:
 Windows 10 , 64 bit Build 26100 (10.0.26100.7705)
OS uptime: 1 days 18:40 hours
Hyper-V role detected

CPU: total 16 (initial active 16) (16 cores per cpu, 2 threads per core) family 23 model 104 stepping 1 microcode 0x8608103, cx8, cmov, fxsr, ht, mmx, 3dnowpref, sse, sse2, sse3, ssse3, sse4a, sse4.1, sse4.2, popcnt, lzcnt, tsc, tscinvbit, avx, avx2, aes, clmul, bmi1, bmi2, adx, sha, fma, vzeroupper, clflush, clflushopt, hv

Memory: 4k page, system-wide physical 15734M (7333M free)
TotalPageFile size 15734M (AvailPageFile size 188M)
current process WorkingSet (physical memory assigned to process): 12M, peak: 12M
current process commit charge ("private bytes"): 70M, peak: 316M

vm_info: Java HotSpot(TM) 64-Bit Server VM (17.0.1+12-LTS-39) for windows-amd64 JRE (17.0.1+12-LTS-39), built on Sep 27 2021 18:41:35 by "mach5one" with MS VC++ 16.8 (VS2019)

END.
